2015/04/16 09:00:31 [error] [exception.CHttpException.404] exception 'CHttpException' with message 'Unable to resolve the request "gii/default/login".' in C:\xampp\htdocs\yii\framework\web\CWebApplication.php:286
Stack trace:
#0 C:\xampp\htdocs\yii\framework\web\CWebApplication.php(141): CWebApplication->runController('gii/default/log...')
#1 C:\xampp\htdocs\yii\framework\base\CApplication.php(184): CWebApplication->processRequest()
#2 C:\xampp\htdocs\yiitest\index.php(13): CApplication->run()
#3 {main}
REQUEST_URI=/yiitest/index.php?r=gii/default/login
---
2015/04/23 09:55:09 [error] [system.db.CDbCommand] CDbCommand::fetchAll() failed: SQLSTATE[42S02]: Base table or view not found: 1146 Table 'yiitest.yiitest' doesn't exist. The SQL statement executed was: SHOW FULL COLUMNS FROM `yiitest`.
in C:\xampp\htdocs\yiitest\index.php (13)
2015/04/23 09:55:13 [error] [system.db.CDbCommand] CDbCommand::fetchAll() failed: SQLSTATE[42S02]: Base table or view not found: 1146 Table 'yiitest.yiitest' doesn't exist. The SQL statement executed was: SHOW FULL COLUMNS FROM `yiitest`.
in C:\xampp\htdocs\yiitest\index.php (13)
2015/04/23 09:55:23 [error] [system.db.CDbCommand] CDbCommand::fetchAll() failed: SQLSTATE[42S02]: Base table or view not found: 1146 Table 'yiitest.categories' doesn't exist. The SQL statement executed was: SHOW FULL COLUMNS FROM `categories`.
in C:\xampp\htdocs\yiitest\index.php (13)
2015/04/23 09:57:07 [error] [system.db.CDbCommand] CDbCommand::fetchAll() failed: SQLSTATE[42S02]: Base table or view not found: 1146 Table 'yiitest.yiitest' doesn't exist. The SQL statement executed was: SHOW FULL COLUMNS FROM `yiitest`.
in C:\xampp\htdocs\yiitest\index.php (13)
2015/04/23 09:57:20 [error] [system.db.CDbCommand] CDbCommand::fetchAll() failed: SQLSTATE[42S02]: Base table or view not found: 1146 Table 'yiitest.lalala' doesn't exist. The SQL statement executed was: SHOW FULL COLUMNS FROM `lalala`.
in C:\xampp\htdocs\yiitest\index.php (13)
2015/04/23 10:01:08 [error] [system.db.CDbCommand] CDbCommand::fetchAll() failed: SQLSTATE[42S02]: Base table or view not found: 1146 Table 'yiitest.airplane' doesn't exist. The SQL statement executed was: SHOW FULL COLUMNS FROM `airplane`.
in C:\xampp\htdocs\yiitest\index.php (13)
2015/04/23 10:09:06 [error] [exception.CHttpException.403] exception 'CHttpException' with message 'You are not authorized to perform this action.' in C:\xampp\htdocs\yii\framework\web\auth\CAccessControlFilter.php:182
Stack trace:
#0 C:\xampp\htdocs\yii\framework\web\auth\CAccessControlFilter.php(145): CAccessControlFilter->accessDenied(Object(CWebUser), 'You are not aut...')
#1 C:\xampp\htdocs\yii\framework\web\filters\CFilter.php(38): CAccessControlFilter->preFilter(Object(CFilterChain))
#2 C:\xampp\htdocs\yii\framework\web\CController.php(1145): CFilter->filter(Object(CFilterChain))
#3 C:\xampp\htdocs\yii\framework\web\filters\CInlineFilter.php(58): CController->filterAccessControl(Object(CFilterChain))
#4 C:\xampp\htdocs\yii\framework\web\filters\CFilterChain.php(130): CInlineFilter->filter(Object(CFilterChain))
#5 C:\xampp\htdocs\yii\framework\web\CController.php(291): CFilterChain->run()
#6 C:\xampp\htdocs\yii\framework\web\CController.php(265): CController->runActionWithFilters(Object(CInlineAction), Array)
#7 C:\xampp\htdocs\yii\framework\web\CWebApplication.php(282): CController->run('admin')
#8 C:\xampp\htdocs\yii\framework\web\CWebApplication.php(141): CWebApplication->runController('categories/admi...')
#9 C:\xampp\htdocs\yii\framework\base\CApplication.php(184): CWebApplication->processRequest()
#10 C:\xampp\htdocs\yiitest\index.php(13): CApplication->run()
#11 {main}
REQUEST_URI=/yiitest/index.php?r=categories/admin
HTTP_REFERER=http://127.0.0.1:81/yiitest/index.php?r=site/login
---
2015/04/24 18:25:25 [error] [exception.CException] exception 'CException' with message 'Alias "bootstrap.components.Bootstrap" is invalid. Make sure it points to an existing directory or file.' in C:\xampp\htdocs\yii\framework\YiiBase.php:348
Stack trace:
#0 C:\xampp\htdocs\yii\framework\YiiBase.php(196): YiiBase::import('bootstrap.compo...', true)
#1 C:\xampp\htdocs\yii\framework\base\CModule.php(393): YiiBase::createComponent(Array)
#2 C:\xampp\htdocs\yii\framework\base\CModule.php(530): CModule->getComponent('bootstrap')
#3 C:\xampp\htdocs\yii\framework\base\CApplication.php(167): CModule->preloadComponents()
#4 C:\xampp\htdocs\yii\framework\YiiBase.php(125): CApplication->__construct('C:\xampp\htdocs...')
#5 C:\xampp\htdocs\yii\framework\YiiBase.php(98): YiiBase::createApplication('CWebApplication', 'C:\xampp\htdocs...')
#6 C:\xampp\htdocs\yiitest\index.php(13): YiiBase::createWebApplication('C:\xampp\htdocs...')
#7 {main}
REQUEST_URI=/yiitest/index.php?r=gii/model/index/categories
---
